============================= test session starts ==============================
platform linux -- Python 3.13.11, pytest-9.0.3, pluggy-1.6.0 -- /opt/venv/bin/python3.13
cachedir: .pytest_cache
rootdir: /a0/usr/workdir
configfile: pytest.ini
plugins: anyio-4.13.0, mock-3.15.1
collecting ... collected 75 items

tests/clinical_edge_cases/test_molding_matrix.py::test_molding_options_and_persistence FAILED [  1%]
tests/clinical_edge_cases/test_surgical_logic.py::test_surgical_resurrection_allows_viewing_and_restoring_deleted_obs FAILED [  2%]
tests/test_adversarial_persistence.py::test_atomic_transaction_resilience PASSED [  4%]
tests/test_adversarial_persistence.py::test_session_state_eviction_handling PASSED [  5%]
tests/test_adversarial_ui_vocabulary.py::test_unified_vocabulary_compliance_diagnostic PASSED [  6%]
tests/test_adversarial_ui_vocabulary.py::test_bin_weight_check_blocking PASSED [  8%]
tests/test_audit_phase2_gaps.py::test_gap_intake_weight_bypass PASSED    [  9%]
tests/test_audit_phase2_gaps.py::test_gap_session_undefined_client PASSED [ 10%]
tests/test_audit_phase2_gaps.py::test_mobile_column_ratios PASSED        [ 12%]
tests/test_audit_veracity.py::test_audit_log_capture_on_intake PASSED    [ 13%]
tests/test_audit_veracity.py::test_audit_log_visibility_in_ui PASSED     [ 14%]
tests/test_bin_id_logic.py::test_standard_bin_id_format PASSED           [ 16%]
tests/test_bin_id_logic.py::test_bin_id_with_special_characters PASSED   [ 17%]
tests/test_bin_id_logic.py::test_bin_id_with_numbers_in_name PASSED      [ 18%]
tests/test_bin_retirement_gate.py::test_bin_with_active_eggs_not_retirable PASSED [ 20%]
tests/test_bin_retirement_gate.py::test_retire_bin_double_check_blocks_race_condition PASSED [ 21%]
tests/test_branding_compliance.py::test_button_label_and_type_compliance PASSED [ 22%]
tests/test_clinical_backdating.py::test_backdating_is_honored_in_observation FAILED [ 24%]
tests/test_clinical_durability.py::test_soft_delete_compliance PASSED    [ 25%]
tests/test_clinical_math.py::test_incubation_duration_math FAILED        [ 26%]
tests/test_clinical_workflows.py::test_workflow_intake_to_observation_handoff PASSED [ 28%]
tests/test_clinical_workflows.py::test_workflow_lifecycle_progression_s1_to_s6 PASSED [ 29%]
tests/test_complex_multi_bin_workflow.py::test_multi_bin_and_egg_workflow PASSED [ 30%]
tests/test_forensic_audit_payloads.py::test_egg_observation_payload_contains_observer_id FAILED [ 32%]
tests/test_forensic_audit_payloads.py::test_void_writes_to_system_log_with_reason FAILED [ 33%]
tests/test_forensic_audit_payloads.py::test_void_without_reason_defaults_to_no_reason_supplied FAILED [ 34%]
tests/test_forensic_audit_payloads.py::test_intake_timestamp_is_timezone_aware PASSED [ 36%]
tests/test_forensic_audit_payloads.py::test_safe_db_execute_crash_logs_to_system_log FAILED [ 37%]
tests/test_intake_view.py::test_intake_form_submission PASSED            [ 38%]
tests/test_intake_view.py::test_intake_validation_missing_fields PASSED  [ 40%]
tests/test_lifo_rollback.py::test_lifo_gate_prevents_intermediate_void FAILED [ 41%]
tests/test_mid_season_intake.py::test_add_eggs_to_existing_bin FAILED    [ 42%]
tests/test_mid_season_intake.py::test_add_new_bin_to_existing_case FAILED [ 44%]
tests/test_nonviable_flow.py::test_marking_egg_as_dead_removes_from_grid FAILED [ 45%]
tests/test_phase2b_remediation_validation.py::test_gap1_nav_title_is_add_new_eggs PASSED [ 46%]
tests/test_phase2b_remediation_validation.py::test_gap2_branding_css_tokens_present PASSED [ 48%]
tests/test_phase2b_remediation_validation.py::test_gap3_void_button_eliminated PASSED [ 49%]
tests/test_phase2b_remediation_validation.py::test_gap3b_observations_vocab_compliance_surgical_mode PASSED [ 50%]
tests/test_phase2b_remediation_validation.py::test_gap4_session_4hr_logic_in_source PASSED [ 52%]
tests/test_phase2b_remediation_validation.py::test_gap5_bin_weight_gate_blocks_observation_grid FAILED [ 53%]
tests/test_red_team_intake.py::test_finder_name_regex_bypass_attempt PASSED [ 54%]
tests/test_red_team_intake.py::test_rpc_failure_safe_state PASSED        [ 56%]
tests/test_red_team_intake.py::test_missing_session_id_security_gate PASSED [ 57%]
tests/test_report_forensics.py::test_report_bundle_includes_forensic_metadata PASSED [ 58%]
tests/test_report_forensics.py::test_empty_species_filter_resilience PASSED [ 60%]
tests/test_session_boundaries.py::test_session_4hr_window_resumption PASSED [ 61%]
tests/test_session_boundaries.py::test_session_expiry_boundary PASSED    [ 62%]
tests/test_session_resilience.py::test_session_recovery_boundary_valid PASSED [ 64%]
tests/test_session_resilience.py::test_session_recovery_boundary_expired PASSED [ 65%]
tests/test_session_termination.py::test_session_expiry_creates_new_id PASSED [ 66%]
tests/test_session_termination.py::test_shift_end_sets_terminate_flag PASSED [ 68%]
tests/test_session_termination.py::test_terminated_session_not_resumed PASSED [ 69%]
tests/test_settings_and_help.py::test_settings_view_renders_and_saves_font_size PASSED [ 70%]
tests/test_settings_and_help.py::test_help_view_renders PASSED           [ 72%]
tests/test_settings_and_help.py::test_dashboard_view_renders_metrics PASSED [ 73%]
tests/test_state_machine_edges.py::test_s3_substage_transitions_valid FAILED [ 74%]
tests/test_state_machine_edges.py::test_s6_to_s1_rollback_voids_hatchling_ledger FAILED [ 76%]
tests/test_state_machine_edges.py::test_bin_weight_gate_blocks_grid_without_weight PASSED [ 77%]
tests/test_state_machine_edges.py::test_zero_egg_bin_renders_gracefully PASSED [ 78%]
tests/test_state_machine_edges.py::test_duplicate_intake_name_rpc_failure_is_handled PASSED [ 80%]
tests/test_state_machine_edges.py::test_mixed_stage_selection_displays_mixed_label FAILED [ 81%]
tests/test_state_machine_edges.py::test_append_eggs_requires_valid_weight FAILED [ 82%]
tests/test_state_machine_edges.py::test_biological_stage_jump_warning FAILED [ 84%]
tests/test_supabase_resilience.py::test_supabase_wake_on_503 PASSED      [ 85%]
tests/test_supabase_resilience.py::test_supabase_wake_success PASSED     [ 86%]
tests/test_supabase_resilience.py::test_db_check_connection_resilience PASSED [ 88%]
tests/test_ui_performance.py::test_fetch_active_observers_performance PASSED [ 89%]
tests/test_vault_logic.py::test_full_biological_cycle PASSED             [ 90%]
tests/test_vault_logic.py::test_database_persistence PASSED              [ 92%]
tests/test_vault_logic.py::test_wormd_export_bundle_shape PASSED         [ 93%]
tests/test_vault_logic.py::test_session_recovery_logic PASSED            [ 94%]
tests/test_vocabulary_all_views.py::test_unified_vocab_intake_view PASSED [ 96%]
tests/test_vocabulary_all_views.py::test_unified_vocab_reports_view PASSED [ 97%]
tests/test_vocabulary_all_views.py::test_unified_vocab_settings_view PASSED [ 98%]
tests/test_vocabulary_all_views.py::test_button_color_token_in_source PASSED [100%]

=================================== FAILURES ===================================
_____________________ test_molding_options_and_persistence _____________________
tests/clinical_edge_cases/test_molding_matrix.py:32: in test_molding_options_and_persistence
    egg_cb.check().run(timeout=15)
    ^^^^^^^^^^^^
E   AttributeError: 'NoneType' object has no attribute 'check'
----------------------------- Captured stderr call -----------------------------
2026-04-19 22:05:37.208 WARNING streamlit.runtime.scriptrunner_utils.script_run_context: Thread 'MainThread': missing ScriptRunContext! This warning can be ignored when running in bare mode.
2026-04-19 22:05:37.209 WARNING streamlit.runtime.scriptrunner_utils.script_run_context: Thread 'MainThread': missing ScriptRunContext! This warning can be ignored when running in bare mode.
2026-04-19 22:05:37.209 WARNING streamlit.runtime.scriptrunner_utils.script_run_context: Thread 'MainThread': missing ScriptRunContext! This warning can be ignored when running in bare mode.
2026-04-19 22:05:37.209 WARNING streamlit.runtime.scriptrunner_utils.script_run_context: Thread 'MainThread': missing ScriptRunContext! This warning can be ignored when running in bare mode.
2026-04-19 22:05:37.209 WARNING streamlit.runtime.scriptrunner_utils.script_run_context: Thread 'MainThread': missing ScriptRunContext! This warning can be ignored when running in bare mode.
2026-04-19 22:05:37.209 WARNING streamlit.runtime.scriptrunner_utils.script_run_context: Thread 'MainThread': missing ScriptRunContext! This warning can be ignored when running in bare mode.
2026-04-19 22:05:37.309 Script compilation error
Traceback (most recent call last):
  File "/opt/venv/lib/python3.13/site-packages/streamlit/runtime/scriptrunner/script_runner.py", line 591, in _run_script
    code = self._script_cache.get_bytecode(script_path)
  File "/opt/venv/lib/python3.13/site-packages/streamlit/runtime/scriptrunner/script_cache.py", line 74, in get_bytecode
    bytecode = compile(  # type: ignore
        filebody,
    ...<9 lines>...
        optimize=-1,
    )
  File "/a0/usr/workdir/vault_views/3_Observations.py", line 114
    type="primary",
    ^^^^^^^^^^^^^^
SyntaxError: keyword argument repeated: type
_____ test_surgical_resurrection_allows_viewing_and_restoring_deleted_obs ______
tests/clinical_edge_cases/test_surgical_logic.py:39: in test_surgical_resurrection_allows_viewing_and_restoring_deleted_obs
    surg_toggle.set_value(True).run(timeout=15)
    ^^^^^^^^^^^^^^^^^^^^^
E   AttributeError: 'NoneType' object has no attribute 'set_value'
----------------------------- Captured stderr call -----------------------------
2026-04-19 22:05:37.569 Thread 'MainThread': missing ScriptRunContext! This warning can be ignored when running in bare mode.
2026-04-19 22:05:37.569 Thread 'MainThread': missing ScriptRunContext! This warning can be ignored when running in bare mode.
2026-04-19 22:05:37.569 Thread 'MainThread': missing ScriptRunContext! This warning can be ignored when running in bare mode.
2026-04-19 22:05:37.569 Thread 'MainThread': missing ScriptRunContext! This warning can be ignored when running in bare mode.
2026-04-19 22:05:37.569 Thread 'MainThread': missing ScriptRunContext! This warning can be ignored when running in bare mode.
2026-04-19 22:05:37.569 Thread 'MainThread': missing ScriptRunContext! This warning can be ignored when running in bare mode.
2026-04-19 22:05:37.649 Script compilation error
Traceback (most recent call last):
  File "/opt/venv/lib/python3.13/site-packages/streamlit/runtime/scriptrunner/script_runner.py", line 591, in _run_script
    code = self._script_cache.get_bytecode(script_path)
  File "/opt/venv/lib/python3.13/site-packages/streamlit/runtime/scriptrunner/script_cache.py", line 74, in get_bytecode
    bytecode = compile(  # type: ignore
        filebody,
    ...<9 lines>...
        optimize=-1,
    )
  File "/a0/usr/workdir/vault_views/3_Observations.py", line 114
    type="primary",
    ^^^^^^^^^^^^^^
SyntaxError: keyword argument repeated: type
__________________ test_backdating_is_honored_in_observation ___________________
tests/test_clinical_backdating.py:61: in test_backdating_is_honored_in_observation
    assert egg_cb is not None, f"Could not find egg checkbox. Labels: {[cb.label for cb in at.checkbox]}"
E   AssertionError: Could not find egg checkbox. Labels: []
E   assert None is not None
----------------------------- Captured stderr call -----------------------------
2026-04-19 22:05:39.925 Thread 'MainThread': missing ScriptRunContext! This warning can be ignored when running in bare mode.
2026-04-19 22:05:39.925 Thread 'MainThread': missing ScriptRunContext! This warning can be ignored when running in bare mode.
2026-04-19 22:05:39.925 Thread 'MainThread': missing ScriptRunContext! This warning can be ignored when running in bare mode.
2026-04-19 22:05:39.925 Thread 'MainThread': missing ScriptRunContext! This warning can be ignored when running in bare mode.
2026-04-19 22:05:39.925 Thread 'MainThread': missing ScriptRunContext! This warning can be ignored when running in bare mode.
2026-04-19 22:05:39.925 Thread 'MainThread': missing ScriptRunContext! This warning can be ignored when running in bare mode.
2026-04-19 22:05:40.000 Script compilation error
Traceback (most recent call last):
  File "/opt/venv/lib/python3.13/site-packages/streamlit/runtime/scriptrunner/script_runner.py", line 591, in _run_script
    code = self._script_cache.get_bytecode(script_path)
  File "/opt/venv/lib/python3.13/site-packages/streamlit/runtime/scriptrunner/script_cache.py", line 74, in get_bytecode
    bytecode = compile(  # type: ignore
        filebody,
    ...<9 lines>...
        optimize=-1,
    )
  File "/a0/usr/workdir/vault_views/3_Observations.py", line 114
    type="primary",
    ^^^^^^^^^^^^^^
SyntaxError: keyword argument repeated: type
________________________ test_incubation_duration_math _________________________
tests/test_clinical_math.py:55: in test_incubation_duration_math
    assert egg_cb is not None, "Could not find egg checkbox"
E   AssertionError: Could not find egg checkbox
E   assert None is not None
----------------------------- Captured stderr call -----------------------------
2026-04-19 22:05:40.035 Thread 'MainThread': missing ScriptRunContext! This warning can be ignored when running in bare mode.
2026-04-19 22:05:40.035 Thread 'MainThread': missing ScriptRunContext! This warning can be ignored when running in bare mode.
2026-04-19 22:05:40.035 Thread 'MainThread': missing ScriptRunContext! This warning can be ignored when running in bare mode.
2026-04-19 22:05:40.035 Thread 'MainThread': missing ScriptRunContext! This warning can be ignored when running in bare mode.
2026-04-19 22:05:40.035 Thread 'MainThread': missing ScriptRunContext! This warning can be ignored when running in bare mode.
2026-04-19 22:05:40.035 Thread 'MainThread': missing ScriptRunContext! This warning can be ignored when running in bare mode.
2026-04-19 22:05:40.174 Script compilation error
Traceback (most recent call last):
  File "/opt/venv/lib/python3.13/site-packages/streamlit/runtime/scriptrunner/script_runner.py", line 591, in _run_script
    code = self._script_cache.get_bytecode(script_path)
  File "/opt/venv/lib/python3.13/site-packages/streamlit/runtime/scriptrunner/script_cache.py", line 74, in get_bytecode
    bytecode = compile(  # type: ignore
        filebody,
    ...<9 lines>...
        optimize=-1,
    )
  File "/a0/usr/workdir/vault_views/3_Observations.py", line 114
    type="primary",
    ^^^^^^^^^^^^^^
SyntaxError: keyword argument repeated: type
______________ test_egg_observation_payload_contains_observer_id _______________
tests/test_forensic_audit_payloads.py:100: in test_egg_observation_payload_contains_observer_id
    raise e
tests/test_forensic_audit_payloads.py:94: in test_egg_observation_payload_contains_observer_id
    assert egg_cb is not None, f"Egg checkbox not found. Labels: {[cb.label for cb in at.checkbox]}"
E   AssertionError: Egg checkbox not found. Labels: []
E   assert None is not None
----------------------------- Captured stdout call -----------------------------
DEBUG: Checkboxes: []
DEBUG: Selectboxes: []
DEBUG: Warnings: []
----------------------------- Captured stderr call -----------------------------
2026-04-19 22:05:40.311 Thread 'MainThread': missing ScriptRunContext! This warning can be ignored when running in bare mode.
2026-04-19 22:05:40.311 Thread 'MainThread': missing ScriptRunContext! This warning can be ignored when running in bare mode.
2026-04-19 22:05:40.311 Thread 'MainThread': missing ScriptRunContext! This warning can be ignored when running in bare mode.
2026-04-19 22:05:40.311 Thread 'MainThread': missing ScriptRunContext! This warning can be ignored when running in bare mode.
2026-04-19 22:05:40.311 Thread 'MainThread': missing ScriptRunContext! This warning can be ignored when running in bare mode.
2026-04-19 22:05:40.311 Thread 'MainThread': missing ScriptRunContext! This warning can be ignored when running in bare mode.
2026-04-19 22:05:40.407 Script compilation error
Traceback (most recent call last):
  File "/opt/venv/lib/python3.13/site-packages/streamlit/runtime/scriptrunner/script_runner.py", line 591, in _run_script
    code = self._script_cache.get_bytecode(script_path)
  File "/opt/venv/lib/python3.13/site-packages/streamlit/runtime/scriptrunner/script_cache.py", line 74, in get_bytecode
    bytecode = compile(  # type: ignore
        filebody,
    ...<9 lines>...
        optimize=-1,
    )
  File "/a0/usr/workdir/vault_views/3_Observations.py", line 114
    type="primary",
    ^^^^^^^^^^^^^^
SyntaxError: keyword argument repeated: type
__________________ test_void_writes_to_system_log_with_reason __________________
tests/test_forensic_audit_payloads.py:173: in test_void_writes_to_system_log_with_reason
    assert surg_toggle is not None, "Correction Mode toggle not found."
E   AssertionError: Correction Mode toggle not found.
E   assert None is not None
----------------------------- Captured stderr call -----------------------------
2026-04-19 22:05:40.470 Thread 'MainThread': missing ScriptRunContext! This warning can be ignored when running in bare mode.
2026-04-19 22:05:40.470 Thread 'MainThread': missing ScriptRunContext! This warning can be ignored when running in bare mode.
2026-04-19 22:05:40.470 Thread 'MainThread': missing ScriptRunContext! This warning can be ignored when running in bare mode.
2026-04-19 22:05:40.470 Thread 'MainThread': missing ScriptRunContext! This warning can be ignored when running in bare mode.
2026-04-19 22:05:40.470 Thread 'MainThread': missing ScriptRunContext! This warning can be ignored when running in bare mode.
2026-04-19 22:05:40.470 Thread 'MainThread': missing ScriptRunContext! This warning can be ignored when running in bare mode.
2026-04-19 22:05:40.540 Script compilation error
Traceback (most recent call last):
  File "/opt/venv/lib/python3.13/site-packages/streamlit/runtime/scriptrunner/script_runner.py", line 591, in _run_script
    code = self._script_cache.get_bytecode(script_path)
  File "/opt/venv/lib/python3.13/site-packages/streamlit/runtime/scriptrunner/script_cache.py", line 74, in get_bytecode
    bytecode = compile(  # type: ignore
        filebody,
    ...<9 lines>...
        optimize=-1,
    )
  File "/a0/usr/workdir/vault_views/3_Observations.py", line 114
    type="primary",
    ^^^^^^^^^^^^^^
SyntaxError: keyword argument repeated: type
___________ test_void_without_reason_defaults_to_no_reason_supplied ____________
tests/test_forensic_audit_payloads.py:236: in test_void_without_reason_defaults_to_no_reason_supplied
    assert surg_toggle is not None, "Correction Mode toggle not found."
E   AssertionError: Correction Mode toggle not found.
E   assert None is not None
----------------------------- Captured stderr call -----------------------------
2026-04-19 22:05:40.575 Thread 'MainThread': missing ScriptRunContext! This warning can be ignored when running in bare mode.
2026-04-19 22:05:40.576 Thread 'MainThread': missing ScriptRunContext! This warning can be ignored when running in bare mode.
2026-04-19 22:05:40.576 Thread 'MainThread': missing ScriptRunContext! This warning can be ignored when running in bare mode.
2026-04-19 22:05:40.576 Thread 'MainThread': missing ScriptRunContext! This warning can be ignored when running in bare mode.
2026-04-19 22:05:40.576 Thread 'MainThread': missing ScriptRunContext! This warning can be ignored when running in bare mode.
2026-04-19 22:05:40.576 Thread 'MainThread': missing ScriptRunContext! This warning can be ignored when running in bare mode.
2026-04-19 22:05:40.647 Script compilation error
Traceback (most recent call last):
  File "/opt/venv/lib/python3.13/site-packages/streamlit/runtime/scriptrunner/script_runner.py", line 591, in _run_script
    code = self._script_cache.get_bytecode(script_path)
  File "/opt/venv/lib/python3.13/site-packages/streamlit/runtime/scriptrunner/script_cache.py", line 74, in get_bytecode
    bytecode = compile(  # type: ignore
        filebody,
    ...<9 lines>...
        optimize=-1,
    )
  File "/a0/usr/workdir/vault_views/3_Observations.py", line 114
    type="primary",
    ^^^^^^^^^^^^^^
SyntaxError: keyword argument repeated: type
________________ test_safe_db_execute_crash_logs_to_system_log _________________
tests/test_forensic_audit_payloads.py:346: in test_safe_db_execute_crash_logs_to_system_log
    assert len(at.error) > 0, (
E   AssertionError: No st.error shown after DB crash — safe_db_execute did not surface the error to the user.
E   assert 0 > 0
E    +  where 0 = len(ElementList())
E    +    where ElementList() = AppTest(\n    _script_path='vault_views/3_Observations.py',\n    default_timeout=3,\n    session_state={session_id: 'crash-session', $$STREAMLIT_INTERNAL_KEY_SCRIPT_RUN_WITHOUT_ERRORS: False, env_gate_synced: {'FOR-BIN': True}, observer_id: 'crash-observer', workbench_bins: {'FOR-BIN'}, observer_name: 'Crash Tester', $$STREAMLIT_INTERNAL_KEY_TESTING: {}},\n    _tree={\n        0: SpecialBlock(\n            type='main'\n        ),\n        1: SpecialBlock(\n            type='sidebar'\n        ),\n        2: SpecialBlock(\n            type='event'\n        )\n    }\n).error
----------------------------- Captured stderr call -----------------------------
2026-04-19 22:05:40.931 Thread 'MainThread': missing ScriptRunContext! This warning can be ignored when running in bare mode.
2026-04-19 22:05:40.931 Thread 'MainThread': missing ScriptRunContext! This warning can be ignored when running in bare mode.
2026-04-19 22:05:40.931 Thread 'MainThread': missing ScriptRunContext! This warning can be ignored when running in bare mode.
2026-04-19 22:05:40.931 Thread 'MainThread': missing ScriptRunContext! This warning can be ignored when running in bare mode.
2026-04-19 22:05:40.931 Thread 'MainThread': missing ScriptRunContext! This warning can be ignored when running in bare mode.
2026-04-19 22:05:40.931 Thread 'MainThread': missing ScriptRunContext! This warning can be ignored when running in bare mode.
2026-04-19 22:05:41.004 Script compilation error
Traceback (most recent call last):
  File "/opt/venv/lib/python3.13/site-packages/streamlit/runtime/scriptrunner/script_runner.py", line 591, in _run_script
    code = self._script_cache.get_bytecode(script_path)
  File "/opt/venv/lib/python3.13/site-packages/streamlit/runtime/scriptrunner/script_cache.py", line 74, in get_bytecode
    bytecode = compile(  # type: ignore
        filebody,
    ...<9 lines>...
        optimize=-1,
    )
  File "/a0/usr/workdir/vault_views/3_Observations.py", line 114
    type="primary",
    ^^^^^^^^^^^^^^
SyntaxError: keyword argument repeated: type
__________________ test_lifo_gate_prevents_intermediate_void ___________________
tests/test_lifo_rollback.py:38: in test_lifo_gate_prevents_intermediate_void
    surg_toggle.set_value(True)
    ^^^^^^^^^^^^^^^^^^^^^
E   AttributeError: 'NoneType' object has no attribute 'set_value'
----------------------------- Captured stderr call -----------------------------
2026-04-19 22:05:41.651 Thread 'MainThread': missing ScriptRunContext! This warning can be ignored when running in bare mode.
2026-04-19 22:05:41.651 Thread 'MainThread': missing ScriptRunContext! This warning can be ignored when running in bare mode.
2026-04-19 22:05:41.651 Thread 'MainThread': missing ScriptRunContext! This warning can be ignored when running in bare mode.
2026-04-19 22:05:41.651 Thread 'MainThread': missing ScriptRunContext! This warning can be ignored when running in bare mode.
2026-04-19 22:05:41.651 Thread 'MainThread': missing ScriptRunContext! This warning can be ignored when running in bare mode.
2026-04-19 22:05:41.651 Thread 'MainThread': missing ScriptRunContext! This warning can be ignored when running in bare mode.
2026-04-19 22:05:41.729 Script compilation error
Traceback (most recent call last):
  File "/opt/venv/lib/python3.13/site-packages/streamlit/runtime/scriptrunner/script_runner.py", line 591, in _run_script
    code = self._script_cache.get_bytecode(script_path)
  File "/opt/venv/lib/python3.13/site-packages/streamlit/runtime/scriptrunner/script_cache.py", line 74, in get_bytecode
    bytecode = compile(  # type: ignore
        filebody,
    ...<9 lines>...
        optimize=-1,
    )
  File "/a0/usr/workdir/vault_views/3_Observations.py", line 114
    type="primary",
    ^^^^^^^^^^^^^^
SyntaxError: keyword argument repeated: type
________________________ test_add_eggs_to_existing_bin _________________________
tests/test_mid_season_intake.py:35: in test_add_eggs_to_existing_bin
    assert expander is not None
E   assert None is not None
----------------------------- Captured stderr call -----------------------------
2026-04-19 22:05:41.772 Thread 'MainThread': missing ScriptRunContext! This warning can be ignored when running in bare mode.
2026-04-19 22:05:41.772 Thread 'MainThread': missing ScriptRunContext! This warning can be ignored when running in bare mode.
2026-04-19 22:05:41.772 Thread 'MainThread': missing ScriptRunContext! This warning can be ignored when running in bare mode.
2026-04-19 22:05:41.772 Thread 'MainThread': missing ScriptRunContext! This warning can be ignored when running in bare mode.
2026-04-19 22:05:41.772 Thread 'MainThread': missing ScriptRunContext! This warning can be ignored when running in bare mode.
2026-04-19 22:05:41.772 Thread 'MainThread': missing ScriptRunContext! This warning can be ignored when running in bare mode.
2026-04-19 22:05:41.848 Script compilation error
Traceback (most recent call last):
  File "/opt/venv/lib/python3.13/site-packages/streamlit/runtime/scriptrunner/script_runner.py", line 591, in _run_script
    code = self._script_cache.get_bytecode(script_path)
  File "/opt/venv/lib/python3.13/site-packages/streamlit/runtime/scriptrunner/script_cache.py", line 74, in get_bytecode
    bytecode = compile(  # type: ignore
        filebody,
    ...<9 lines>...
        optimize=-1,
    )
  File "/a0/usr/workdir/vault_views/3_Observations.py", line 114
    type="primary",
    ^^^^^^^^^^^^^^
SyntaxError: keyword argument repeated: type
______________________ test_add_new_bin_to_existing_case _______________________
tests/test_mid_season_intake.py:70: in test_add_new_bin_to_existing_case
    assert expander is not None
E   assert None is not None
----------------------------- Captured stderr call -----------------------------
2026-04-19 22:05:41.885 Thread 'MainThread': missing ScriptRunContext! This warning can be ignored when running in bare mode.
2026-04-19 22:05:41.885 Thread 'MainThread': missing ScriptRunContext! This warning can be ignored when running in bare mode.
2026-04-19 22:05:41.886 Thread 'MainThread': missing ScriptRunContext! This warning can be ignored when running in bare mode.
2026-04-19 22:05:41.886 Thread 'MainThread': missing ScriptRunContext! This warning can be ignored when running in bare mode.
2026-04-19 22:05:41.886 Thread 'MainThread': missing ScriptRunContext! This warning can be ignored when running in bare mode.
2026-04-19 22:05:41.886 Thread 'MainThread': missing ScriptRunContext! This warning can be ignored when running in bare mode.
2026-04-19 22:05:41.961 Script compilation error
Traceback (most recent call last):
  File "/opt/venv/lib/python3.13/site-packages/streamlit/runtime/scriptrunner/script_runner.py", line 591, in _run_script
    code = self._script_cache.get_bytecode(script_path)
  File "/opt/venv/lib/python3.13/site-packages/streamlit/runtime/scriptrunner/script_cache.py", line 74, in get_bytecode
    bytecode = compile(  # type: ignore
        filebody,
    ...<9 lines>...
        optimize=-1,
    )
  File "/a0/usr/workdir/vault_views/3_Observations.py", line 114
    type="primary",
    ^^^^^^^^^^^^^^
SyntaxError: keyword argument repeated: type
__________________ test_marking_egg_as_dead_removes_from_grid __________________
tests/test_nonviable_flow.py:32: in test_marking_egg_as_dead_removes_from_grid
    assert egg_cb is not None, f"Egg checkbox not found. Labels: {[cb.label for cb in at.checkbox]}"
E   AssertionError: Egg checkbox not found. Labels: []
E   assert None is not None
----------------------------- Captured stderr call -----------------------------
2026-04-19 22:05:41.983 Thread 'MainThread': missing ScriptRunContext! This warning can be ignored when running in bare mode.
2026-04-19 22:05:41.983 Thread 'MainThread': missing ScriptRunContext! This warning can be ignored when running in bare mode.
2026-04-19 22:05:41.983 Thread 'MainThread': missing ScriptRunContext! This warning can be ignored when running in bare mode.
2026-04-19 22:05:41.983 Thread 'MainThread': missing ScriptRunContext! This warning can be ignored when running in bare mode.
2026-04-19 22:05:41.984 Thread 'MainThread': missing ScriptRunContext! This warning can be ignored when running in bare mode.
2026-04-19 22:05:41.984 Thread 'MainThread': missing ScriptRunContext! This warning can be ignored when running in bare mode.
2026-04-19 22:05:42.058 Script compilation error
Traceback (most recent call last):
  File "/opt/venv/lib/python3.13/site-packages/streamlit/runtime/scriptrunner/script_runner.py", line 591, in _run_script
    code = self._script_cache.get_bytecode(script_path)
  File "/opt/venv/lib/python3.13/site-packages/streamlit/runtime/scriptrunner/script_cache.py", line 74, in get_bytecode
    bytecode = compile(  # type: ignore
        filebody,
    ...<9 lines>...
        optimize=-1,
    )
  File "/a0/usr/workdir/vault_views/3_Observations.py", line 114
    type="primary",
    ^^^^^^^^^^^^^^
SyntaxError: keyword argument repeated: type
______________ test_gap5_bin_weight_gate_blocks_observation_grid _______________
tests/test_phase2b_remediation_validation.py:196: in test_gap5_bin_weight_gate_blocks_observation_grid
    assert "weight" in all_text or "bin weight" in all_text, (
E   AssertionError: FAIL GAP-5: Bin weight gate did not surface a weight-related warning/subheader. The observation grid should be blocked until bin mass is recorded.
E   assert ('weight' in '' or 'bin weight' in '')
----------------------------- Captured stderr call -----------------------------
2026-04-19 22:05:42.232 Thread 'MainThread': missing ScriptRunContext! This warning can be ignored when running in bare mode.
2026-04-19 22:05:42.232 Thread 'MainThread': missing ScriptRunContext! This warning can be ignored when running in bare mode.
2026-04-19 22:05:42.232 Thread 'MainThread': missing ScriptRunContext! This warning can be ignored when running in bare mode.
2026-04-19 22:05:42.232 Thread 'MainThread': missing ScriptRunContext! This warning can be ignored when running in bare mode.
2026-04-19 22:05:42.232 Thread 'MainThread': missing ScriptRunContext! This warning can be ignored when running in bare mode.
2026-04-19 22:05:42.232 Thread 'MainThread': missing ScriptRunContext! This warning can be ignored when running in bare mode.
2026-04-19 22:05:42.303 Script compilation error
Traceback (most recent call last):
  File "/opt/venv/lib/python3.13/site-packages/streamlit/runtime/scriptrunner/script_runner.py", line 591, in _run_script
    code = self._script_cache.get_bytecode(script_path)
  File "/opt/venv/lib/python3.13/site-packages/streamlit/runtime/scriptrunner/script_cache.py", line 74, in get_bytecode
    bytecode = compile(  # type: ignore
        filebody,
    ...<9 lines>...
        optimize=-1,
    )
  File "/a0/usr/workdir/vault_views/3_Observations.py", line 114
    type="primary",
    ^^^^^^^^^^^^^^
SyntaxError: keyword argument repeated: type
______________________ test_s3_substage_transitions_valid ______________________
tests/test_state_machine_edges.py:109: in test_s3_substage_transitions_valid
    assert egg_cb is not None, f"Egg checkbox not found. Available: {[cb.label for cb in at.checkbox]}"
E   AssertionError: Egg checkbox not found. Available: []
E   assert None is not None
----------------------------- Captured stderr call -----------------------------
2026-04-19 22:05:46.574 Thread 'MainThread': missing ScriptRunContext! This warning can be ignored when running in bare mode.
2026-04-19 22:05:46.574 Thread 'MainThread': missing ScriptRunContext! This warning can be ignored when running in bare mode.
2026-04-19 22:05:46.574 Thread 'MainThread': missing ScriptRunContext! This warning can be ignored when running in bare mode.
2026-04-19 22:05:46.574 Thread 'MainThread': missing ScriptRunContext! This warning can be ignored when running in bare mode.
2026-04-19 22:05:46.574 Thread 'MainThread': missing ScriptRunContext! This warning can be ignored when running in bare mode.
2026-04-19 22:05:46.574 Thread 'MainThread': missing ScriptRunContext! This warning can be ignored when running in bare mode.
2026-04-19 22:05:46.644 Script compilation error
Traceback (most recent call last):
  File "/opt/venv/lib/python3.13/site-packages/streamlit/runtime/scriptrunner/script_runner.py", line 591, in _run_script
    code = self._script_cache.get_bytecode(script_path)
  File "/opt/venv/lib/python3.13/site-packages/streamlit/runtime/scriptrunner/script_cache.py", line 74, in get_bytecode
    bytecode = compile(  # type: ignore
        filebody,
    ...<9 lines>...
        optimize=-1,
    )
  File "/a0/usr/workdir/vault_views/3_Observations.py", line 114
    type="primary",
    ^^^^^^^^^^^^^^
SyntaxError: keyword argument repeated: type
________________ test_s6_to_s1_rollback_voids_hatchling_ledger _________________
tests/test_state_machine_edges.py:183: in test_s6_to_s1_rollback_voids_hatchling_ledger
    assert surg_toggle is not None, "Correction Mode toggle not found."
E   AssertionError: Correction Mode toggle not found.
E   assert None is not None
----------------------------- Captured stderr call -----------------------------
2026-04-19 22:05:46.699 Thread 'MainThread': missing ScriptRunContext! This warning can be ignored when running in bare mode.
2026-04-19 22:05:46.699 Thread 'MainThread': missing ScriptRunContext! This warning can be ignored when running in bare mode.
2026-04-19 22:05:46.699 Thread 'MainThread': missing ScriptRunContext! This warning can be ignored when running in bare mode.
2026-04-19 22:05:46.699 Thread 'MainThread': missing ScriptRunContext! This warning can be ignored when running in bare mode.
2026-04-19 22:05:46.699 Thread 'MainThread': missing ScriptRunContext! This warning can be ignored when running in bare mode.
2026-04-19 22:05:46.699 Thread 'MainThread': missing ScriptRunContext! This warning can be ignored when running in bare mode.
2026-04-19 22:05:46.772 Script compilation error
Traceback (most recent call last):
  File "/opt/venv/lib/python3.13/site-packages/streamlit/runtime/scriptrunner/script_runner.py", line 591, in _run_script
    code = self._script_cache.get_bytecode(script_path)
  File "/opt/venv/lib/python3.13/site-packages/streamlit/runtime/scriptrunner/script_cache.py", line 74, in get_bytecode
    bytecode = compile(  # type: ignore
        filebody,
    ...<9 lines>...
        optimize=-1,
    )
  File "/a0/usr/workdir/vault_views/3_Observations.py", line 114
    type="primary",
    ^^^^^^^^^^^^^^
SyntaxError: keyword argument repeated: type
_______________ test_mixed_stage_selection_displays_mixed_label ________________
tests/test_state_machine_edges.py:357: in test_mixed_stage_selection_displays_mixed_label
    assert cb1 is not None and cb2 is not None, (
E   AssertionError: Could not find both egg checkboxes. Found: []
E   assert (None is not None)
----------------------------- Captured stderr call -----------------------------
2026-04-19 22:05:47.277 Thread 'MainThread': missing ScriptRunContext! This warning can be ignored when running in bare mode.
2026-04-19 22:05:47.277 Thread 'MainThread': missing ScriptRunContext! This warning can be ignored when running in bare mode.
2026-04-19 22:05:47.277 Thread 'MainThread': missing ScriptRunContext! This warning can be ignored when running in bare mode.
2026-04-19 22:05:47.277 Thread 'MainThread': missing ScriptRunContext! This warning can be ignored when running in bare mode.
2026-04-19 22:05:47.277 Thread 'MainThread': missing ScriptRunContext! This warning can be ignored when running in bare mode.
2026-04-19 22:05:47.277 Thread 'MainThread': missing ScriptRunContext! This warning can be ignored when running in bare mode.
2026-04-19 22:05:47.361 Script compilation error
Traceback (most recent call last):
  File "/opt/venv/lib/python3.13/site-packages/streamlit/runtime/scriptrunner/script_runner.py", line 591, in _run_script
    code = self._script_cache.get_bytecode(script_path)
  File "/opt/venv/lib/python3.13/site-packages/streamlit/runtime/scriptrunner/script_cache.py", line 74, in get_bytecode
    bytecode = compile(  # type: ignore
        filebody,
    ...<9 lines>...
        optimize=-1,
    )
  File "/a0/usr/workdir/vault_views/3_Observations.py", line 114
    type="primary",
    ^^^^^^^^^^^^^^
SyntaxError: keyword argument repeated: type
____________________ test_append_eggs_requires_valid_weight ____________________
tests/test_state_machine_edges.py:417: in test_append_eggs_requires_valid_weight
    assert append_save is not None, "Append SAVE button not found in sidebar."
E   AssertionError: Append SAVE button not found in sidebar.
E   assert None is not None
----------------------------- Captured stderr call -----------------------------
2026-04-19 22:05:47.398 Thread 'MainThread': missing ScriptRunContext! This warning can be ignored when running in bare mode.
2026-04-19 22:05:47.398 Thread 'MainThread': missing ScriptRunContext! This warning can be ignored when running in bare mode.
2026-04-19 22:05:47.398 Thread 'MainThread': missing ScriptRunContext! This warning can be ignored when running in bare mode.
2026-04-19 22:05:47.398 Thread 'MainThread': missing ScriptRunContext! This warning can be ignored when running in bare mode.
2026-04-19 22:05:47.398 Thread 'MainThread': missing ScriptRunContext! This warning can be ignored when running in bare mode.
2026-04-19 22:05:47.398 Thread 'MainThread': missing ScriptRunContext! This warning can be ignored when running in bare mode.
2026-04-19 22:05:47.480 Script compilation error
Traceback (most recent call last):
  File "/opt/venv/lib/python3.13/site-packages/streamlit/runtime/scriptrunner/script_runner.py", line 591, in _run_script
    code = self._script_cache.get_bytecode(script_path)
  File "/opt/venv/lib/python3.13/site-packages/streamlit/runtime/scriptrunner/script_cache.py", line 74, in get_bytecode
    bytecode = compile(  # type: ignore
        filebody,
    ...<9 lines>...
        optimize=-1,
    )
  File "/a0/usr/workdir/vault_views/3_Observations.py", line 114
    type="primary",
    ^^^^^^^^^^^^^^
SyntaxError: keyword argument repeated: type
______________________ test_biological_stage_jump_warning ______________________
tests/test_state_machine_edges.py:449: in test_biological_stage_jump_warning
    at.checkbox[0].check().run()
    ^^^^^^^^^^^^^^
/opt/venv/lib/python3.13/site-packages/streamlit/testing/v1/element_tree.py:233: in __getitem__
    return self._list[idx]
           ^^^^^^^^^^^^^^^
E   IndexError: list index out of range
----------------------------- Captured stderr call -----------------------------
2026-04-19 22:05:47.516 Thread 'MainThread': missing ScriptRunContext! This warning can be ignored when running in bare mode.
2026-04-19 22:05:47.516 Thread 'MainThread': missing ScriptRunContext! This warning can be ignored when running in bare mode.
2026-04-19 22:05:47.516 Thread 'MainThread': missing ScriptRunContext! This warning can be ignored when running in bare mode.
2026-04-19 22:05:47.516 Thread 'MainThread': missing ScriptRunContext! This warning can be ignored when running in bare mode.
2026-04-19 22:05:47.516 Thread 'MainThread': missing ScriptRunContext! This warning can be ignored when running in bare mode.
2026-04-19 22:05:47.595 Script compilation error
Traceback (most recent call last):
  File "/opt/venv/lib/python3.13/site-packages/streamlit/runtime/scriptrunner/script_runner.py", line 591, in _run_script
    code = self._script_cache.get_bytecode(script_path)
  File "/opt/venv/lib/python3.13/site-packages/streamlit/runtime/scriptrunner/script_cache.py", line 74, in get_bytecode
    bytecode = compile(  # type: ignore
        filebody,
    ...<9 lines>...
        optimize=-1,
    )
  File "/a0/usr/workdir/vault_views/3_Observations.py", line 114
    type="primary",
    ^^^^^^^^^^^^^^
SyntaxError: keyword argument repeated: type
=============================== warnings summary ===============================
tests/test_audit_phase2_gaps.py::test_gap_intake_weight_bypass
  /opt/venv/lib/python3.13/site-packages/supabase/_sync/client.py:309: DeprecationWarning: The 'timeout' parameter is deprecated. Please configure it in the http client instead.
    return SyncPostgrestClient(

tests/test_audit_phase2_gaps.py::test_gap_intake_weight_bypass
  /opt/venv/lib/python3.13/site-packages/supabase/_sync/client.py:309: DeprecationWarning: The 'verify' parameter is deprecated. Please configure it in the http client instead.
    return SyncPostgrestClient(

-- Docs: https://docs.pytest.org/en/stable/how-to/capture-warnings.html
=========================== short test summary info ============================
FAILED tests/clinical_edge_cases/test_molding_matrix.py::test_molding_options_and_persistence - AttributeError: 'NoneType' object has no attribute 'check'
FAILED tests/clinical_edge_cases/test_surgical_logic.py::test_surgical_resurrection_allows_viewing_and_restoring_deleted_obs - AttributeError: 'NoneType' object has no attribute 'set_value'
FAILED tests/test_clinical_backdating.py::test_backdating_is_honored_in_observation - AssertionError: Could not find egg checkbox. Labels: []
assert None is not None
FAILED tests/test_clinical_math.py::test_incubation_duration_math - AssertionError: Could not find egg checkbox
assert None is not None
FAILED tests/test_forensic_audit_payloads.py::test_egg_observation_payload_contains_observer_id - AssertionError: Egg checkbox not found. Labels: []
assert None is not None
FAILED tests/test_forensic_audit_payloads.py::test_void_writes_to_system_log_with_reason - AssertionError: Correction Mode toggle not found.
assert None is not None
FAILED tests/test_forensic_audit_payloads.py::test_void_without_reason_defaults_to_no_reason_supplied - AssertionError: Correction Mode toggle not found.
assert None is not None
FAILED tests/test_forensic_audit_payloads.py::test_safe_db_execute_crash_logs_to_system_log - AssertionError: No st.error shown after DB crash — safe_db_execute did not surface the error to the user.
assert 0 > 0
 +  where 0 = len(ElementList())
 +    where ElementList() = AppTest(\n    _script_path='vault_views/3_Observations.py',\n    default_timeout=3,\n    session_state={session_id: 'crash-session', $$STREAMLIT_INTERNAL_KEY_SCRIPT_RUN_WITHOUT_ERRORS: False, env_gate_synced: {'FOR-BIN': True}, observer_id: 'crash-observer', workbench_bins: {'FOR-BIN'}, observer_name: 'Crash Tester', $$STREAMLIT_INTERNAL_KEY_TESTING: {}},\n    _tree={\n        0: SpecialBlock(\n            type='main'\n        ),\n        1: SpecialBlock(\n            type='sidebar'\n        ),\n        2: SpecialBlock(\n            type='event'\n        )\n    }\n).error
FAILED tests/test_lifo_rollback.py::test_lifo_gate_prevents_intermediate_void - AttributeError: 'NoneType' object has no attribute 'set_value'
FAILED tests/test_mid_season_intake.py::test_add_eggs_to_existing_bin - assert None is not None
FAILED tests/test_mid_season_intake.py::test_add_new_bin_to_existing_case - assert None is not None
FAILED tests/test_nonviable_flow.py::test_marking_egg_as_dead_removes_from_grid - AssertionError: Egg checkbox not found. Labels: []
assert None is not None
FAILED tests/test_phase2b_remediation_validation.py::test_gap5_bin_weight_gate_blocks_observation_grid - AssertionError: FAIL GAP-5: Bin weight gate did not surface a weight-related warning/subheader. The observation grid should be blocked until bin mass is recorded.
assert ('weight' in '' or 'bin weight' in '')
FAILED tests/test_state_machine_edges.py::test_s3_substage_transitions_valid - AssertionError: Egg checkbox not found. Available: []
assert None is not None
FAILED tests/test_state_machine_edges.py::test_s6_to_s1_rollback_voids_hatchling_ledger - AssertionError: Correction Mode toggle not found.
assert None is not None
FAILED tests/test_state_machine_edges.py::test_mixed_stage_selection_displays_mixed_label - AssertionError: Could not find both egg checkboxes. Found: []
assert (None is not None)
FAILED tests/test_state_machine_edges.py::test_append_eggs_requires_valid_weight - AssertionError: Append SAVE button not found in sidebar.
assert None is not None
FAILED tests/test_state_machine_edges.py::test_biological_stage_jump_warning - IndexError: list index out of range
================== 18 failed, 57 passed, 2 warnings in 14.83s ==================
